2025-08-03 11:37:28,052 - INFO - fetch_expenses_for_date called with 2024-09-30
2025-08-03 11:37:51,726 - INFO - fetch_expenses_for_date called with 2024-09-30
2025-08-03 11:38:27,261 - INFO - fetch_expenses_for_date called with 2024-09-30
2025-08-03 11:40:04,186 - INFO - fetch_expenses_for_date called with 2024-09-30
2025-08-03 11:42:50,156 - INFO - fetch_expenses_for_date called with 2024-09-30
2025-08-03 11:44:21,578 - INFO - fetch_expenses_for_date called with 2024-09-30
2025-08-03 21:19:29,140 - INFO - fetch_expenses_for_date called with 2024-08-01
2025-08-03 21:19:48,483 - INFO - fetch_expenses_for_date called with 2024-08-02
2025-08-03 21:19:50,821 - INFO - fetch_expenses_for_date called with 2024-08-03
2025-08-03 21:19:53,090 - INFO - fetch_expenses_for_date called with 2024-08-04
2025-08-03 21:19:55,210 - INFO - fetch_expenses_for_date called with 2024-08-28
2025-08-03 21:19:57,266 - INFO - fetch_expenses_for_date called with 2024-08-29
2025-08-03 21:19:59,230 - INFO - fetch_expenses_for_date called with 2024-08-26
2025-08-03 21:20:01,463 - INFO - fetch_expenses_for_date called with 2024-08-21
2025-08-03 21:20:03,031 - INFO - fetch_expenses_for_date called with 2024-08-03
2025-08-04 20:41:01,839 - INFO - fetch_expenses_for_date called with 2024-08-01
2025-08-04 20:44:41,006 - INFO - fetch_expenses_for_date called with 2024-08-01
2025-08-04 20:46:10,296 - INFO - fetch_expenses_for_date called with 2024-08-01
2025-08-04 20:47:56,577 - INFO - fetch_expenses_for_date called with 2024-08-01
2025-08-04 20:50:00,979 - INFO - fetch_expenses_for_date called with 2024-08-01
2025-08-04 20:50:20,988 - INFO - fetch_expenses_for_date called with 2024-08-01
2025-08-04 20:52:58,872 - INFO - fetch_expenses_for_date called with 2024-08-01
2025-08-04 20:53:03,499 - INFO - fetch_expenses_for_date called with 2024-08-01
2025-08-04 20:58:45,424 - INFO - fetch_expenses_for_date called with 2024-08-01
2025-08-04 20:58:50,232 - INFO - fetch_expenses_for_date called with 2024-08-01
2025-08-04 20:59:27,172 - INFO - fetch_expenses_for_date called with 2024-08-01
2025-08-04 21:03:30,033 - INFO - fetch_expenses_for_date called with 2024-08-01
2025-08-04 21:03:58,218 - INFO - fetch_expenses_for_date called with 2024-08-01
2025-08-04 21:04:01,882 - INFO - fetch_expenses_for_date called with 2024-08-01
2025-08-04 21:04:53,216 - INFO - fetch_expenses_for_date called with 2024-08-01
2025-08-04 21:08:23,138 - INFO - fetch_expenses_for_date called with 2024-08-02
2025-08-04 21:08:25,989 - INFO - fetch_expenses_for_date called with 2024-08-03
2025-08-04 21:12:11,781 - INFO - fetch_expenses_for_date called with 2024-08-01
2025-08-04 21:17:37,362 - INFO - fetch_expenses_for_date called with 2024-08-15
2025-08-04 21:17:41,037 - INFO - fetch_expenses_for_date called with 2024-08-16
2025-08-04 21:18:06,191 - INFO - fetch_expenses_for_date called with 2024-08-16
2025-08-04 21:18:06,247 - INFO - delete_expenses_for_date called with 2024-08-16
2025-08-04 21:18:06,271 - INFO - insert_expenses_for_date called with date :2024-08-16, amount:500.0, category:Food, notes:Spent in Shri Ram Restaurant
2025-08-04 21:21:19,814 - INFO - fetch_expenses_for_date called with 2024-08-01
2025-08-04 21:21:27,086 - INFO - fetch_expenses_for_date called with 2024-08-01
2025-08-04 21:21:27,119 - INFO - delete_expenses_for_date called with 2024-08-01
2025-08-04 21:21:27,141 - INFO - insert_expenses_for_date called with date :2024-08-01, amount:1227.0, category:Rent, notes:Monthly rent payment
2025-08-04 21:21:27,153 - INFO - insert_expenses_for_date called with date :2024-08-01, amount:300.0, category:Food, notes:Groceries for the week
2025-08-04 21:21:27,163 - INFO - insert_expenses_for_date called with date :2024-08-01, amount:1200.0, category:Rent, notes:Monthly rent payment
2025-08-04 21:21:27,172 - INFO - insert_expenses_for_date called with date :2024-08-01, amount:300.0, category:Food, notes:Groceries for the week
2025-08-04 21:21:29,063 - INFO - fetch_expenses_for_date called with 2024-08-01
2025-08-04 21:21:29,100 - INFO - delete_expenses_for_date called with 2024-08-01
2025-08-04 21:21:29,114 - INFO - insert_expenses_for_date called with date :2024-08-01, amount:1227.0, category:Rent, notes:Monthly rent payment
2025-08-04 21:21:29,126 - INFO - insert_expenses_for_date called with date :2024-08-01, amount:300.0, category:Food, notes:Groceries for the week
2025-08-04 21:21:29,138 - INFO - insert_expenses_for_date called with date :2024-08-01, amount:1200.0, category:Rent, notes:Monthly rent payment
2025-08-04 21:21:29,146 - INFO - insert_expenses_for_date called with date :2024-08-01, amount:300.0, category:Food, notes:Groceries for the week
2025-08-04 21:21:29,994 - INFO - fetch_expenses_for_date called with 2024-08-01
2025-08-04 21:21:30,033 - INFO - delete_expenses_for_date called with 2024-08-01
2025-08-04 21:21:30,045 - INFO - insert_expenses_for_date called with date :2024-08-01, amount:1227.0, category:Rent, notes:Monthly rent payment
2025-08-04 21:21:30,057 - INFO - insert_expenses_for_date called with date :2024-08-01, amount:300.0, category:Food, notes:Groceries for the week
2025-08-04 21:21:30,066 - INFO - insert_expenses_for_date called with date :2024-08-01, amount:1200.0, category:Rent, notes:Monthly rent payment
2025-08-04 21:21:30,080 - INFO - insert_expenses_for_date called with date :2024-08-01, amount:300.0, category:Food, notes:Groceries for the week
2025-08-04 21:21:30,224 - INFO - fetch_expenses_for_date called with 2024-08-01
2025-08-04 21:21:30,255 - INFO - delete_expenses_for_date called with 2024-08-01
2025-08-04 21:21:30,266 - INFO - insert_expenses_for_date called with date :2024-08-01, amount:1227.0, category:Rent, notes:Monthly rent payment
2025-08-04 21:21:30,280 - INFO - insert_expenses_for_date called with date :2024-08-01, amount:300.0, category:Food, notes:Groceries for the week
2025-08-04 21:21:30,293 - INFO - insert_expenses_for_date called with date :2024-08-01, amount:1200.0, category:Rent, notes:Monthly rent payment
2025-08-04 21:21:30,307 - INFO - insert_expenses_for_date called with date :2024-08-01, amount:300.0, category:Food, notes:Groceries for the week
2025-08-04 21:21:30,505 - INFO - fetch_expenses_for_date called with 2024-08-01
2025-08-04 21:21:30,535 - INFO - delete_expenses_for_date called with 2024-08-01
2025-08-04 21:21:30,546 - INFO - insert_expenses_for_date called with date :2024-08-01, amount:1227.0, category:Rent, notes:Monthly rent payment
2025-08-04 21:21:30,557 - INFO - insert_expenses_for_date called with date :2024-08-01, amount:300.0, category:Food, notes:Groceries for the week
2025-08-04 21:21:30,567 - INFO - insert_expenses_for_date called with date :2024-08-01, amount:1200.0, category:Rent, notes:Monthly rent payment
2025-08-04 21:21:30,579 - INFO - insert_expenses_for_date called with date :2024-08-01, amount:300.0, category:Food, notes:Groceries for the week
2025-08-04 21:21:31,615 - INFO - fetch_expenses_for_date called with 2024-08-01
2025-08-04 21:21:31,646 - INFO - delete_expenses_for_date called with 2024-08-01
2025-08-04 21:21:31,656 - INFO - insert_expenses_for_date called with date :2024-08-01, amount:1227.0, category:Rent, notes:Monthly rent payment
2025-08-04 21:21:31,664 - INFO - insert_expenses_for_date called with date :2024-08-01, amount:300.0, category:Food, notes:Groceries for the week
2025-08-04 21:21:31,677 - INFO - insert_expenses_for_date called with date :2024-08-01, amount:1200.0, category:Rent, notes:Monthly rent payment
2025-08-04 21:21:31,687 - INFO - insert_expenses_for_date called with date :2024-08-01, amount:300.0, category:Food, notes:Groceries for the week
